TN:
SF:src\components\map\ClusterLayer.tsx
FN:18,ClusterLayer
FN:22,(anonymous_8)
FN:24,(anonymous_9)
FN:34,(anonymous_10)
FN:38,(anonymous_11)
FN:38,(anonymous_12)
FN:54,(anonymous_13)
FNF:7
FNH:5
FNDA:2,ClusterLayer
FNDA:2,(anonymous_8)
FNDA:4,(anonymous_9)
FNDA:2,(anonymous_10)
FNDA:0,(anonymous_11)
FNDA:0,(anonymous_12)
FNDA:1,(anonymous_13)
DA:1,1
DA:2,1
DA:4,1
DA:18,1
DA:19,2
DA:22,2
DA:24,4
DA:34,2
DA:35,2
DA:36,2
DA:38,1
DA:39,0
DA:43,0
DA:44,0
DA:46,0
DA:47,0
DA:50,0
DA:53,1
DA:54,1
DA:55,1
DA:60,2
DA:62,1
LF:22
LH:16
BRDA:35,0,0,0
BRDA:36,1,0,1
BRDA:44,2,0,0
BRDA:46,3,0,0
BRDA:46,3,1,0
BRDA:46,4,0,0
BRDA:46,4,1,0
BRDA:47,5,0,0
BRDA:60,6,0,1
BRF:9
BRH:2
end_of_record
TN:
SF:src\components\map\MarkersLayer.tsx
FN:3,MarkersLayer
FN:7,(anonymous_2)
FN:7,(anonymous_3)
FN:12,(anonymous_4)
FN:13,(anonymous_5)
FNF:5
FNH:5
FNDA:2,MarkersLayer
FNDA:2,(anonymous_2)
FNDA:4,(anonymous_3)
FNDA:3,(anonymous_4)
FNDA:5,(anonymous_5)
DA:1,1
DA:3,1
DA:4,2
DA:6,1
DA:7,4
DA:10,1
DA:13,5
DA:14,3
LF:8
LH:8
BRDA:4,0,0,1
BRDA:18,1,0,2
BRDA:18,1,1,1
BRF:3
BRH:3
end_of_record
TN:
SF:src\components\map\RouteLayer.tsx
FN:7,(anonymous_0)
FN:13,RouteLayer
FN:20,(anonymous_2)
FN:24,(anonymous_3)
FN:27,(anonymous_4)
FN:32,(anonymous_5)
FN:61,(anonymous_6)
FNF:7
FNH:7
FNDA:312,(anonymous_0)
FNDA:5,RouteLayer
FNDA:4,(anonymous_2)
FNDA:4,(anonymous_3)
FNDA:2,(anonymous_4)
FNDA:313,(anonymous_5)
FNDA:1,(anonymous_6)
DA:1,1
DA:2,1
DA:3,1
DA:4,1
DA:7,1
DA:8,312
DA:9,312
DA:10,312
DA:13,1
DA:14,5
DA:15,5
DA:17,5
DA:18,5
DA:20,5
DA:21,4
DA:24,5
DA:25,4
DA:27,2
DA:28,1
DA:29,1
DA:30,1
DA:32,1
DA:33,313
DA:34,313
DA:35,313
DA:36,313
DA:37,313
DA:39,313
DA:42,313
DA:43,312
DA:44,312
DA:46,312
DA:47,312
DA:48,312
DA:52,313
DA:54,313
DA:55,312
DA:59,1
DA:61,1
DA:62,1
DA:67,5
LF:41
LH:41
BRDA:25,0,0,3
BRDA:25,1,0,4
BRDA:25,1,1,4
BRDA:42,2,0,312
BRDA:46,3,0,312
BRDA:46,4,0,312
BRDA:46,4,1,312
BRDA:54,5,0,312
BRDA:62,6,0,1
BRDA:69,7,0,5
BRDA:69,7,1,1
BRF:11
BRH:11
end_of_record
TN:
SF:src\components\map\UIOverlay.tsx
FN:7,UIOverlay
FN:19,(anonymous_2)
FN:38,(anonymous_3)
FN:41,(anonymous_4)
FN:51,(anonymous_5)
FNF:5
FNH:1
FNDA:2,UIOverlay
FNDA:0,(anonymous_2)
FNDA:0,(anonymous_3)
FNDA:0,(anonymous_4)
FNDA:0,(anonymous_5)
DA:1,1
DA:2,1
DA:3,1
DA:4,1
DA:7,1
DA:19,2
DA:20,0
DA:21,0
DA:23,0
DA:24,0
DA:25,0
DA:28,0
DA:37,0
DA:38,0
DA:39,0
DA:41,0
DA:42,0
DA:46,2
LF:18
LH:7
BRDA:23,0,0,0
BRDA:37,1,0,0
BRDA:37,1,1,0
BRDA:38,2,0,0
BRDA:38,2,1,0
BRDA:38,3,0,0
BRDA:38,3,1,0
BRDA:39,4,0,0
BRDA:41,5,0,0
BRDA:41,5,1,0
BRDA:41,6,0,0
BRDA:41,6,1,0
BRF:12
BRH:0
end_of_record
TN:
SF:src\context\SelectedPlacesContext.tsx
FN:14,(anonymous_0)
FN:25,(anonymous_1)
FNF:2
FNH:0
FNDA:0,(anonymous_0)
FNDA:0,(anonymous_1)
DA:1,1
DA:11,1
DA:14,1
DA:15,0
DA:17,0
DA:25,1
DA:26,0
DA:27,0
DA:28,0
DA:30,0
LF:10
LH:4
BRDA:27,0,0,0
BRF:1
BRH:0
end_of_record
TN:
SF:src\context\SelectedRouteContext.tsx
FN:14,(anonymous_0)
FN:25,(anonymous_1)
FNF:2
FNH:0
FNDA:0,(anonymous_0)
FNDA:0,(anonymous_1)
DA:2,1
DA:12,1
DA:14,1
DA:15,0
DA:16,0
DA:18,0
DA:25,1
DA:26,0
DA:27,0
DA:28,0
DA:30,0
LF:11
LH:4
BRDA:27,0,0,0
BRF:1
BRH:0
end_of_record
TN:
SF:src\utils\flyTo.ts
FN:4,(anonymous_7)
FN:14,(anonymous_8)
FN:21,(anonymous_9)
FN:25,(anonymous_10)
FN:43,(anonymous_11)
FN:50,(anonymous_12)
FNF:6
FNH:0
FNDA:0,(anonymous_7)
FNDA:0,(anonymous_8)
FNDA:0,(anonymous_9)
FNDA:0,(anonymous_10)
FNDA:0,(anonymous_11)
FNDA:0,(anonymous_12)
DA:4,1
DA:9,0
DA:10,0
DA:11,0
DA:14,0
DA:21,1
DA:25,0
DA:26,0
DA:27,0
DA:29,0
DA:30,0
DA:32,0
DA:33,0
DA:34,0
DA:35,0
DA:37,0
DA:38,0
DA:39,0
DA:41,0
DA:43,0
DA:44,0
DA:46,0
DA:50,0
DA:53,0
DA:54,0
DA:57,0
DA:60,0
LF:27
LH:2
BRDA:9,0,0,0
BRDA:9,0,1,0
BRDA:9,1,0,0
BRDA:9,1,1,0
BRDA:10,2,0,0
BRDA:26,3,0,0
BRDA:26,3,1,0
BRDA:26,4,0,0
BRDA:26,4,1,0
BRDA:27,5,0,0
BRDA:30,6,0,0
BRDA:30,7,0,0
BRDA:30,7,1,0
BRDA:44,8,0,0
BRF:14
BRH:0
end_of_record
